<?xml version="1.0" encoding="UTF-8"?>
<!-- Generated by org.testng.reporters.JUnitReportReporter -->
<testsuite skipped="0" hostname="AMOSTAFA" name="Runner.test_Runner" tests="2" failures="0" timestamp="2022-08-20T05:02:14 EET" time="4.002" errors="0">
  <testcase name="runScenario" time="3.317" classname="Runner.test_Runner"/>
  <system-out/>
  <testcase name="runScenario" time="0.685" classname="Runner.test_Runner"/>
  <system-out/>
</testsuite> <!-- Runner.test_Runner -->
